<?xml version="1.0" encoding="UTF-8"?>
<!-- Generated by org.testng.reporters.JUnitReportReporter -->
<testsuite skipped="0" hostname="ShaileshSahu-PC" name="com.org.tests.SignInPageTestCase" tests="2" failures="0" timestamp="10 Jul 2021 06:14:26 GMT" time="0.016" errors="0">
  <testcase name="validatepass" time="0.000" classname="com.org.tests.SignInPageTestCase"/>
  <testcase name="validatemobnum" time="0.016" classname="com.org.tests.SignInPageTestCase"/>
</testsuite> <!-- com.org.tests.SignInPageTestCase -->
